<?xml version="1.0" encoding="UTF-8"?>
<!-- Generated by org.testng.reporters.JUnitReportReporter -->
<testsuite hostname="DESKTOP-858PIU1" failures="0" tests="4" name="com.vcentry.product.testcases.ProductPageTest" time="90.715" errors="0" timestamp="22 Mar 2022 01:44:51 GMT" skipped="0">
  <testcase classname="com.vcentry.product.testcases.ProductPageTest" name="validateProductPage" time="14.343"/>
  <testcase classname="com.vcentry.product.testcases.ProductPageTest" name="validateProductPage" time="18.255"/>
  <testcase classname="com.vcentry.product.testcases.ProductPageTest" name="validateProductPage" time="19.092"/>
  <testcase classname="com.vcentry.product.testcases.ProductPageTest" name="validateProductPage" time="39.025"/>
</testsuite> <!-- com.vcentry.product.testcases.ProductPageTest -->
