<?xml version="1.0" encoding="UTF-8"?>
<!-- Generated by org.testng.reporters.JUnitReportReporter -->
<testsuite hostname="DESKTOP-858PIU1" failures="0" tests="2" name="tests.LoginTest" time="25.557" errors="0" timestamp="29 Apr 2022 08:44:25 GMT" skipped="0">
  <testcase classname="tests.LoginTest" name="loginTest" time="15.857"/>
  <testcase classname="tests.LoginTest" name="loginTest" time="9.700"/>
</testsuite> <!-- tests.LoginTest -->
