<?xml version="1.0" encoding="UTF-8"?>
<!-- Generated by org.testng.reporters.JUnitReportReporter -->
<testsuite hostname="DESKTOP-858PIU1" failures="0" tests="1" name="testcases.LoginTest" time="30.635" errors="0" timestamp="21 Jun 2022 11:09:18 GMT" skipped="0">
  <testcase classname="testcases.LoginTest" name="loginTest" time="30.635"/>
</testsuite> <!-- testcases.LoginTest -->
