<?xml version="1.0" encoding="UTF-8"?>
<!-- Generated by org.testng.reporters.JUnitReportReporter -->
<testsuite hostname="DESKTOP-858PIU1" failures="0" tests="3" name="A7_Parameterization.A21_SingleMethodSingleDataProvider" time="0.043" errors="0" timestamp="17 Apr 2022 16:14:34 GMT" skipped="0">
  <testcase classname="A7_Parameterization.A21_SingleMethodSingleDataProvider" name="login" time="0.010"/>
  <testcase classname="A7_Parameterization.A21_SingleMethodSingleDataProvider" name="login" time="0.029"/>
  <testcase classname="A7_Parameterization.A21_SingleMethodSingleDataProvider" name="login" time="0.004"/>
</testsuite> <!-- A7_Parameterization.A21_SingleMethodSingleDataProvider -->
