<?xml version="1.0" encoding="UTF-8"?>
<!-- Generated by org.testng.reporters.JUnitReportReporter -->
<testsuite hostname="DESKTOP-858PIU1" failures="0" tests="7" name="A1_Keyword.A8_InvocationCount" time="0.049" errors="0" timestamp="26 Feb 2022 12:25:02 GMT" skipped="0">
  <testcase classname="A1_Keyword.A8_InvocationCount" name="book" time="0.003"/>
  <testcase classname="A1_Keyword.A8_InvocationCount" name="cancel" time="0.005"/>
  <testcase classname="A1_Keyword.A8_InvocationCount" name="login" time="0.004"/>
  <testcase classname="A1_Keyword.A8_InvocationCount" name="login" time="0.003"/>
  <testcase classname="A1_Keyword.A8_InvocationCount" name="login" time="0.005"/>
  <testcase classname="A1_Keyword.A8_InvocationCount" name="login" time="0.025"/>
  <testcase classname="A1_Keyword.A8_InvocationCount" name="search" time="0.004"/>
</testsuite> <!-- A1_Keyword.A8_InvocationCount -->
