<?xml version="1.0" encoding="UTF-8"?>
<!-- Generated by org.testng.reporters.JUnitReportReporter -->
<testsuite hostname="DESKTOP-858PIU1" failures="0" tests="4" name="A1_Keyword.A2_Priority" time="0.018" errors="0" timestamp="06 Feb 2022 10:45:22 GMT" skipped="0">
  <testcase classname="A1_Keyword.A2_Priority" name="add" time="0.011"/>
  <testcase classname="A1_Keyword.A2_Priority" name="sub" time="0.004"/>
  <testcase classname="A1_Keyword.A2_Priority" name="mul" time="0.001"/>
  <testcase classname="A1_Keyword.A2_Priority" name="div" time="0.002"/>
</testsuite> <!-- A1_Keyword.A2_Priority -->
