<?xml version="1.0" encoding="UTF-8"?>
<!-- Generated by org.testng.reporters.JUnitReportReporter -->
<testsuite hostname="DESKTOP-858PIU1" failures="0" tests="6" name="A1_Keyword.A4_Priority2" time="0.083" errors="0" timestamp="07 Mar 2022 13:54:21 GMT" skipped="0">
  <testcase classname="A1_Keyword.A4_Priority2" name="network" time="0.024"/>
  <testcase classname="A1_Keyword.A4_Priority2" name="browser" time="0.007"/>
  <testcase classname="A1_Keyword.A4_Priority2" name="add" time="0.017"/>
  <testcase classname="A1_Keyword.A4_Priority2" name="sub1" time="0.030"/>
  <testcase classname="A1_Keyword.A4_Priority2" name="mul" time="0.003"/>
  <testcase classname="A1_Keyword.A4_Priority2" name="div" time="0.002"/>
</testsuite> <!-- A1_Keyword.A4_Priority2 -->
