<?xml version="1.0" encoding="UTF-8"?>
<!-- Generated by org.testng.reporters.JUnitReportReporter -->
<testsuite hostname="DESKTOP-858PIU1" failures="0" tests="4" name="A1_Keyword.A9_InvocationTimeOut" time="6.202" errors="0" timestamp="07 Mar 2022 14:10:22 GMT" skipped="0">
  <testcase classname="A1_Keyword.A9_InvocationTimeOut" name="add" time="6.189"/>
  <testcase classname="A1_Keyword.A9_InvocationTimeOut" name="sub" time="0.007"/>
  <testcase classname="A1_Keyword.A9_InvocationTimeOut" name="mul" time="0.004"/>
  <testcase classname="A1_Keyword.A9_InvocationTimeOut" name="div" time="0.002"/>
</testsuite> <!-- A1_Keyword.A9_InvocationTimeOut -->
