<?xml version="1.0" encoding="UTF-8"?>
<!-- Generated by org.testng.reporters.JUnitReportReporter -->
<testsuite hostname="DESKTOP-858PIU1" failures="0" tests="4" name="A1_Keyword.A6_Description" time="0.033" errors="0" timestamp="07 Feb 2022 04:00:49 GMT" skipped="0">
  <testcase classname="A1_Keyword.A6_Description" name="add" time="0.022"/>
  <testcase classname="A1_Keyword.A6_Description" name="sub" time="0.002"/>
  <testcase classname="A1_Keyword.A6_Description" name="div" time="0.005"/>
  <testcase classname="A1_Keyword.A6_Description" name="mul" time="0.004"/>
</testsuite> <!-- A1_Keyword.A6_Description -->
