<?xml version="1.0" encoding="UTF-8"?>
<!-- Generated by org.testng.reporters.JUnitReportReporter -->
<testsuite hostname="DESKTOP-858PIU1" failures="0" tests="4" name="A1_Keyword.A5_Enabled" time="0.024" errors="0" timestamp="07 Feb 2022 03:56:56 GMT" skipped="1">
  <testcase classname="A1_Keyword.A5_Enabled" name="add" time="0.018"/>
  <testcase classname="A1_Keyword.A5_Enabled" name="sub" time="0.003"/>
  <testcase classname="A1_Keyword.A5_Enabled" name="div" time="0.003"/>
  <testcase classname="A1_Keyword.A5_Enabled" name="mul">
    <skipped/>
  </testcase> <!-- mul -->
</testsuite> <!-- A1_Keyword.A5_Enabled -->
