<?xml version="1.0" encoding="UTF-8"?>
<!-- Generated by org.testng.reporters.JUnitReportReporter -->
<testsuite hostname="DESKTOP-858PIU1" failures="0" tests="1" name="A5_Parameter.A19_Parameter" time="0.023" errors="0" timestamp="17 Apr 2022 16:07:02 GMT" skipped="0">
  <testcase classname="A5_Parameter.A19_Parameter" name="login" time="0.023"/>
</testsuite> <!-- A5_Parameter.A19_Parameter -->
