<?xml version="1.0" encoding="UTF-8"?>
<!-- Generated by org.testng.reporters.JUnitReportReporter -->
<testsuite hostname="DESKTOP-858PIU1" failures="0" tests="1" name="A1_Keyword.A1_Sample" time="0.013" errors="0" timestamp="06 Feb 2022 10:20:21 GMT" skipped="0">
  <testcase classname="A1_Keyword.A1_Sample" name="add" time="0.013"/>
</testsuite> <!-- A1_Keyword.A1_Sample -->
