<?xml version="1.0" encoding="UTF-8"?>
<!-- Generated by org.testng.reporters.JUnitReportReporter -->
<testsuite hostname="DESKTOP-858PIU1" failures="0" tests="4" name="A1_Keyword.A7_DependsOn" time="0.202" errors="0" timestamp="07 Mar 2022 14:03:32 GMT" skipped="0">
  <testcase classname="A1_Keyword.A7_DependsOn" name="book" time="0.038"/>
  <testcase classname="A1_Keyword.A7_DependsOn" name="cancel" time="0.019"/>
  <testcase classname="A1_Keyword.A7_DependsOn" name="login" time="0.137"/>
  <testcase classname="A1_Keyword.A7_DependsOn" name="search" time="0.008"/>
</testsuite> <!-- A1_Keyword.A7_DependsOn -->
