<?xml version="1.0" encoding="UTF-8"?>
<!-- Generated by org.testng.reporters.JUnitReportReporter -->
<testsuite hostname="DESKTOP-858PIU1" failures="0" tests="4" name="A1_Keyword.A3_InClassLevel" time="0.061" errors="0" timestamp="07 Mar 2022 13:53:09 GMT" skipped="0">
  <testcase classname="A1_Keyword.A3_InClassLevel" name="add" time="0.042"/>
  <testcase classname="A1_Keyword.A3_InClassLevel" name="mul" time="0.008"/>
  <testcase classname="A1_Keyword.A3_InClassLevel" name="div" time="0.008"/>
  <testcase classname="A1_Keyword.A3_InClassLevel" name="sub" time="0.003"/>
</testsuite> <!-- A1_Keyword.A3_InClassLevel -->
