<?xml version="1.0" encoding="UTF-8"?>
<!-- Generated by org.testng.reporters.JUnitReportReporter -->
<testsuite hostname="DESKTOP-858PIU1" failures="0" tests="4" name="A2_Annotations.A12_BeforeClassAfterClass" time="0.022" errors="0" timestamp="13 Sep 2022 10:08:26 GMT" skipped="0">
  <testcase classname="A2_Annotations.A12_BeforeClassAfterClass" name="cancel" time="0.005"/>
  <testcase classname="A2_Annotations.A12_BeforeClassAfterClass" name="login" time="0.003"/>
  <testcase classname="A2_Annotations.A12_BeforeClassAfterClass" name="search" time="0.004"/>
  <testcase classname="A2_Annotations.A12_BeforeClassAfterClass" name="book" time="0.010"/>
</testsuite> <!-- A2_Annotations.A12_BeforeClassAfterClass -->
