<?xml version="1.0" encoding="UTF-8"?>
<!-- Generated by org.testng.reporters.JUnitReportReporter -->
<testsuite hostname="DESKTOP-858PIU1" failures="0" tests="4" name="A2_Annotations.A11_BeforeMethodAfterMethod" time="0.560" errors="0" timestamp="13 Sep 2022 10:06:44 GMT" skipped="0">
  <testcase classname="A2_Annotations.A11_BeforeMethodAfterMethod" name="login" time="0.043"/>
  <testcase classname="A2_Annotations.A11_BeforeMethodAfterMethod" name="book" time="0.298"/>
  <testcase classname="A2_Annotations.A11_BeforeMethodAfterMethod" name="search" time="0.209"/>
  <testcase classname="A2_Annotations.A11_BeforeMethodAfterMethod" name="cancel" time="0.010"/>
</testsuite> <!-- A2_Annotations.A11_BeforeMethodAfterMethod -->
