<?xml version="1.0" encoding="UTF-8"?>
<!-- Generated by org.testng.reporters.JUnitReportReporter -->
<testsuite hostname="DESKTOP-858PIU1" failures="0" tests="4" name="A7_Parameterization.A22_MultiMethodMultiData" time="0.022" errors="0" timestamp="20 Mar 2022 09:22:22 GMT" skipped="0">
  <testcase classname="A7_Parameterization.A22_MultiMethodMultiData" name="login" time="0.013"/>
  <testcase classname="A7_Parameterization.A22_MultiMethodMultiData" name="login" time="0.003"/>
  <testcase classname="A7_Parameterization.A22_MultiMethodMultiData" name="booking" time="0.003"/>
  <testcase classname="A7_Parameterization.A22_MultiMethodMultiData" name="booking" time="0.003"/>
</testsuite> <!-- A7_Parameterization.A22_MultiMethodMultiData -->
