<?xml version="1.0" encoding="UTF-8"?>
<!-- Generated by org.testng.reporters.JUnitReportReporter -->
<testsuite hostname="DESKTOP-858PIU1" failures="0" tests="6" name="A7_Parameterization.A23_MultiMethodSingleDataProvider" time="0.041" errors="0" timestamp="08 Mar 2022 03:11:36 GMT" skipped="0">
  <testcase classname="A7_Parameterization.A23_MultiMethodSingleDataProvider" name="login" time="0.016"/>
  <testcase classname="A7_Parameterization.A23_MultiMethodSingleDataProvider" name="login" time="0.004"/>
  <testcase classname="A7_Parameterization.A23_MultiMethodSingleDataProvider" name="login" time="0.005"/>
  <testcase classname="A7_Parameterization.A23_MultiMethodSingleDataProvider" name="booking" time="0.005"/>
  <testcase classname="A7_Parameterization.A23_MultiMethodSingleDataProvider" name="booking" time="0.006"/>
  <testcase classname="A7_Parameterization.A23_MultiMethodSingleDataProvider" name="booking" time="0.005"/>
</testsuite> <!-- A7_Parameterization.A23_MultiMethodSingleDataProvider -->
