<?xml version="1.0" encoding="UTF-8"?>
<!-- Generated by org.testng.reporters.JUnitReportReporter -->
<testsuite hostname="DESKTOP-858PIU1" failures="0" tests="3" name="A1_Keyword.A4_Priority3" time="0.037" errors="0" timestamp="10 Feb 2022 13:40:17 GMT" skipped="0">
  <testcase classname="A1_Keyword.A4_Priority3" name="a_sub1" time="0.028"/>
  <testcase classname="A1_Keyword.A4_Priority3" name="b_mul" time="0.006"/>
  <testcase classname="A1_Keyword.A4_Priority3" name="c_add" time="0.003"/>
</testsuite> <!-- A1_Keyword.A4_Priority3 -->
