<?xml version="1.0" encoding="UTF-8"?>
<!-- Generated by org.testng.reporters.JUnitReportReporter -->
<testsuite hostname="DESKTOP-858PIU1" failures="0" tests="5" name="A6_Groups.A20_Group" time="0.021" errors="0" timestamp="29 Apr 2022 07:33:41 GMT" skipped="0">
  <testcase classname="A6_Groups.A20_Group" name="login" time="0.014"/>
  <testcase classname="A6_Groups.A20_Group" name="search" time="0.002"/>
  <testcase classname="A6_Groups.A20_Group" name="booking" time="0.002"/>
  <testcase classname="A6_Groups.A20_Group" name="cancel" time="0.002"/>
  <testcase classname="A6_Groups.A20_Group" name="logout" time="0.001"/>
</testsuite> <!-- A6_Groups.A20_Group -->
