<?xml version="1.0" encoding="UTF-8"?>
<!-- Generated by org.testng.reporters.JUnitReportReporter -->
<testsuite hostname="DESKTOP-858PIU1" failures="0" tests="4" name="A2_Annotations.A13_BeforeTestAfterTest" time="0.020" errors="0" timestamp="13 Sep 2022 10:07:34 GMT" skipped="0">
  <testcase classname="A2_Annotations.A13_BeforeTestAfterTest" name="login" time="0.004"/>
  <testcase classname="A2_Annotations.A13_BeforeTestAfterTest" name="cancel" time="0.003"/>
  <testcase classname="A2_Annotations.A13_BeforeTestAfterTest" name="book" time="0.011"/>
  <testcase classname="A2_Annotations.A13_BeforeTestAfterTest" name="search" time="0.002"/>
</testsuite> <!-- A2_Annotations.A13_BeforeTestAfterTest -->
