<?xml version="1.0" encoding="UTF-8"?>
<!-- Generated by org.testng.reporters.JUnitReportReporter -->
<testsuite hostname="DESKTOP-858PIU1" failures="0" tests="4" name="A2_Annotations.A11_BeforeMethod" time="0.024" errors="0" timestamp="07 Feb 2022 14:43:43 GMT" skipped="0">
  <testcase classname="A2_Annotations.A11_BeforeMethod" name="cancel" time="0.004"/>
  <testcase classname="A2_Annotations.A11_BeforeMethod" name="login" time="0.001"/>
  <testcase classname="A2_Annotations.A11_BeforeMethod" name="search" time="0.003"/>
  <testcase classname="A2_Annotations.A11_BeforeMethod" name="book" time="0.016"/>
</testsuite> <!-- A2_Annotations.A11_BeforeMethod -->
